{
  "stats": {
    "suites": 1,
    "tests": 1,
    "passes": 1,
    "pending": 0,
    "failures": 0,
    "start": "2021-12-07T17:03:10.497Z",
    "end": "2021-12-07T17:03:15.565Z",
    "duration": 5068,
    "testsRegistered": 1,
    "passPercent": 100,
    "pendingPercent": 0,
    "other": 0,
    "hasOther": false,
    "skipped": 0,
    "hasSkipped": false
  },
  "results": [
    {
      "uuid": "f9bae786-2285-414e-9788-c901c3bc6a2a",
      "title": "",
      "fullFile": "cypress/integration/Tests/loginTest.spec.js",
      "file": "cypress/integration/Tests/loginTest.spec.js",
      "beforeHooks": [],
      "afterHooks": [],
      "tests": [],
      "suites": [
        {
          "uuid": "be6bf774-24af-45ac-b981-c6924818bf1e",
          "title": "Test Suite 1",
          "fullFile": "",
          "file": "",
          "beforeHooks": [],
          "afterHooks": [],
          "tests": [
            {
              "title": "Login Successfully",
              "fullTitle": "Test Suite 1 Login Successfully",
              "timedOut": null,
              "duration": 2869,
              "state": "passed",
              "speed": "fast",
              "pass": true,
              "fail": false,
              "pending": false,
              "context": null,
              "code": "const lp = new _Login.default();\nlp.visitURL();\nlp.getEmailAddress().type('Mohammad@hivebuy.de');\nlp.getPassword().type('Test123!!');\nlp.getLoginButton().click();",
              "err": {},
              "uuid": "67879158-b8ad-4454-824e-7f343f634874",
              "parentUUID": "be6bf774-24af-45ac-b981-c6924818bf1e",
              "isHook": false,
              "skipped": false
            }
          ],
          "suites": [],
          "passes": [
            "67879158-b8ad-4454-824e-7f343f634874"
          ],
          "failures": [],
          "pending": [],
          "skipped": [],
          "duration": 2869,
          "root": false,
          "rootEmpty": false,
          "_timeout": 2000
        }
      ],
      "passes": [],
      "failures": [],
      "pending": [],
      "skipped": [],
      "duration": 0,
      "root": true,
      "rootEmpty": true,
      "_timeout": 2000
    }
  ],
  "meta": {
    "mocha": {
      "version": "7.0.1"
    },
    "mochawesome": {
      "options": {
        "quiet": false,
        "reportFilename": "mochawesome",
        "saveHtml": false,
        "saveJson": true,
        "consoleReporter": "spec",
        "useInlineDiffs": false,
        "code": true
      },
      "version": "7.0.1"
    },
    "marge": {
      "options": {
        "id": "default",
        "reportDir": "cypress/report",
        "quite": true,
        "overwrite": false,
        "html": false,
        "json": true,
        "timestamp": "mmddyyyy_HHMMss"
      },
      "version": "6.0.1"
    }
  }
}