{
  "stats": {
    "suites": 1,
    "tests": 1,
    "passes": 0,
    "pending": 0,
    "failures": 1,
    "start": "2021-12-16T08:27:33.758Z",
    "end": "2021-12-16T08:27:34.636Z",
    "duration": 878,
    "testsRegistered": 1,
    "passPercent": 0,
    "pendingPercent": 0,
    "other": 0,
    "hasOther": false,
    "skipped": 0,
    "hasSkipped": false
  },
  "results": [
    {
      "uuid": "60cf2ea4-5d8f-4da8-815a-134aff3f8cb9",
      "title": "",
      "fullFile": "cypress/integration/Tests/loginTest.spec.js",
      "file": "cypress/integration/Tests/loginTest.spec.js",
      "beforeHooks": [],
      "afterHooks": [],
      "tests": [],
      "suites": [
        {
          "uuid": "cf170fc0-d7d4-4e4a-9d44-588942bc3a63",
          "title": "Test Suite 1",
          "fullFile": "",
          "file": "",
          "beforeHooks": [],
          "afterHooks": [],
          "tests": [
            {
              "title": "Login Successfully",
              "fullTitle": "Test Suite 1 Login Successfully",
              "timedOut": null,
              "duration": 751,
              "state": "failed",
              "speed": null,
              "pass": false,
              "fail": true,
              "pending": false,
              "context": null,
              "code": "const lp = new _Login.default();\nlp.visitURL();\nlp.getEmailAddress().type('Mohammad@hivebuy.de');\nlp.getPassword().type('Test123!!');\nlp.getLoginButton().click();",
              "err": {
                "message": "CypressError: `cy.visit()` failed trying to load:\n\nhttp://www.frontend.staging.de/undefined/login\n\nThe response we received from your web server was:\n\n  > 404: Not Found\n\nThis was considered a failure because the status code was not `2xx`.\n\nIf you do not want status codes to cause failures pass the option: `failOnStatusCode: false`",
                "estack": "CypressError: `cy.visit()` failed trying to load:\n\nhttp://www.frontend.staging.de/undefined/login\n\nThe response we received from your web server was:\n\n  > 404: Not Found\n\nThis was considered a failure because the status code was not `2xx`.\n\nIf you do not want status codes to cause failures pass the option: `failOnStatusCode: false`\n    at http://www.frontend.staging.de/__cypress/runner/cypress_runner.js:158125:84\n    at visitFailedByErr (http://www.frontend.staging.de/__cypress/runner/cypress_runner.js:157494:12)\n    at http://www.frontend.staging.de/__cypress/runner/cypress_runner.js:158105:13\n    at tryCatcher (http://www.frontend.staging.de/__cypress/runner/cypress_runner.js:13196:23)\n    at Promise._settlePromiseFromHandler (http://www.frontend.staging.de/__cypress/runner/cypress_runner.js:11131:31)\n    at Promise._settlePromise (http://www.frontend.staging.de/__cypress/runner/cypress_runner.js:11188:18)\n    at Promise._settlePromise0 (http://www.frontend.staging.de/__cypress/runner/cypress_runner.js:11233:10)\n    at Promise._settlePromises (http://www.frontend.staging.de/__cypress/runner/cypress_runner.js:11309:18)\n    at _drainQueueStep (http://www.frontend.staging.de/__cypress/runner/cypress_runner.js:7903:12)\n    at _drainQueue (http://www.frontend.staging.de/__cypress/runner/cypress_runner.js:7896:9)\n    at Async.../../node_modules/bluebird/js/release/async.js.Async._drainQueues (http://www.frontend.staging.de/__cypress/runner/cypress_runner.js:7912:5)\n    at Async.drainQueues (http://www.frontend.staging.de/__cypress/runner/cypress_runner.js:7782:14)\nFrom Your Spec Code:\n    at LoginPage.visitURL (http://www.frontend.staging.de/__cypress/tests?p=cypress/integration/Tests/loginTest.spec.js:219:15)\n    at Context.eval (http://www.frontend.staging.de/__cypress/tests?p=cypress/integration/Tests/loginTest.spec.js:193:8)",
                "diff": null
              },
              "uuid": "4681c3a6-b639-4b98-8dd4-7e3db219dae6",
              "parentUUID": "cf170fc0-d7d4-4e4a-9d44-588942bc3a63",
              "isHook": false,
              "skipped": false
            }
          ],
          "suites": [],
          "passes": [],
          "failures": [
            "4681c3a6-b639-4b98-8dd4-7e3db219dae6"
          ],
          "pending": [],
          "skipped": [],
          "duration": 751,
          "root": false,
          "rootEmpty": false,
          "_timeout": 2000
        }
      ],
      "passes": [],
      "failures": [],
      "pending": [],
      "skipped": [],
      "duration": 0,
      "root": true,
      "rootEmpty": true,
      "_timeout": 2000
    }
  ],
  "meta": {
    "mocha": {
      "version": "7.0.1"
    },
    "mochawesome": {
      "options": {
        "quiet": false,
        "reportFilename": "mochawesome",
        "saveHtml": false,
        "saveJson": true,
        "consoleReporter": "spec",
        "useInlineDiffs": false,
        "code": true
      },
      "version": "7.0.1"
    },
    "marge": {
      "options": {
        "id": "default",
        "reportDir": "cypress/report",
        "quite": true,
        "overwrite": false,
        "html": false,
        "json": true,
        "timestamp": "mmddyyyy_HHMMss"
      },
      "version": "6.0.1"
    }
  }
}