{
  "stats": {
    "suites": 1,
    "tests": 1,
    "passes": 1,
    "pending": 0,
    "failures": 0,
    "start": "2021-12-07T15:55:26.321Z",
    "end": "2021-12-07T15:55:30.870Z",
    "duration": 4549,
    "testsRegistered": 1,
    "passPercent": 100,
    "pendingPercent": 0,
    "other": 0,
    "hasOther": false,
    "skipped": 0,
    "hasSkipped": false
  },
  "results": [
    {
      "uuid": "f6610334-c07d-4182-9698-716e50301581",
      "title": "",
      "fullFile": "cypress/integration/Tests/loginTest.spec.js",
      "file": "cypress/integration/Tests/loginTest.spec.js",
      "beforeHooks": [],
      "afterHooks": [],
      "tests": [],
      "suites": [
        {
          "uuid": "ec42c17e-f333-4d1a-99c5-ee6c78e2cbb1",
          "title": "Test Suite 1",
          "fullFile": "",
          "file": "",
          "beforeHooks": [],
          "afterHooks": [],
          "tests": [
            {
              "title": "Login Successfully",
              "fullTitle": "Test Suite 1 Login Successfully",
              "timedOut": null,
              "duration": 2608,
              "state": "passed",
              "speed": "fast",
              "pass": true,
              "fail": false,
              "pending": false,
              "context": null,
              "code": "//cy.visit('https://frontend.staging.hivebuy.de/login')\nconst lp = new _Login.default();\nlp.visitURL();\nlp.getEmailAddress().type('Mohammad@hivebuy.de');\nlp.getPassword().type('Test123!!');\nlp.getLoginButton().click();",
              "err": {},
              "uuid": "e6794cad-b958-4403-855f-b4ba3e5a7bed",
              "parentUUID": "ec42c17e-f333-4d1a-99c5-ee6c78e2cbb1",
              "isHook": false,
              "skipped": false
            }
          ],
          "suites": [],
          "passes": [
            "e6794cad-b958-4403-855f-b4ba3e5a7bed"
          ],
          "failures": [],
          "pending": [],
          "skipped": [],
          "duration": 2608,
          "root": false,
          "rootEmpty": false,
          "_timeout": 2000
        }
      ],
      "passes": [],
      "failures": [],
      "pending": [],
      "skipped": [],
      "duration": 0,
      "root": true,
      "rootEmpty": true,
      "_timeout": 2000
    }
  ],
  "meta": {
    "mocha": {
      "version": "7.0.1"
    },
    "mochawesome": {
      "options": {
        "quiet": false,
        "reportFilename": "mochawesome",
        "saveHtml": false,
        "saveJson": true,
        "consoleReporter": "spec",
        "useInlineDiffs": false,
        "code": true
      },
      "version": "7.0.1"
    },
    "marge": {
      "options": {
        "id": "default",
        "reportDir": "cypress/report",
        "quite": true,
        "overwrite": false,
        "html": false,
        "json": true,
        "timestamp": "mmddyyyy_HHMMss"
      },
      "version": "6.0.1"
    }
  }
}